#24 /home/red_beard/Desktop/PHP/Apps/suf/vendor/laravel/framework/src/Illuminate/Pipeline/Pipeline.php(167): Illuminate\Foundation\Http\Middleware\TrimStrings->handle()
#25 /home/red_beard/Desktop/PHP/Apps/suf/vendor/laravel/framework/src/Illuminate/Foundation/Http/Middleware/ValidatePostSize.php(27): Illuminate\Pipeline\Pipeline->Illuminate\Pipeline\{closure}()
#26 /home/red_beard/Desktop/PHP/Apps/suf/vendor/laravel/framework/src/Illuminate/Pipeline/Pipeline.php(167): Illuminate\Foundation\Http\Middleware\ValidatePostSize->handle()
#27 /home/red_beard/Desktop/PHP/Apps/suf/vendor/laravel/framework/src/Illuminate/Foundation/Http/Middleware/PreventRequestsDuringMaintenance.php(86): Illuminate\Pipeline\Pipeline->Illuminate\Pipeline\{closure}()
#28 /home/red_beard/Desktop/PHP/Apps/suf/vendor/laravel/framework/src/Illuminate/Pipeline/Pipeline.php(167): Illuminate\Foundation\Http\Middleware\PreventRequestsDuringMaintenance->handle()
#29 /home/red_beard/Desktop/PHP/Apps/suf/vendor/fruitcake/laravel-cors/src/HandleCors.php(38): Illuminate\Pipeline\Pipeline->Illuminate\Pipeline\{closure}()
#30 /home/red_beard/Desktop/PHP/Apps/suf/vendor/laravel/framework/src/Illuminate/Pipeline/Pipeline.php(167): Fruitcake\Cors\HandleCors->handle()
#31 /home/red_beard/Desktop/PHP/Apps/suf/vendor/fideloper/proxy/src/TrustProxies.php(57): Illuminate\Pipeline\Pipeline->Illuminate\Pipeline\{closure}()
#32 /home/red_beard/Desktop/PHP/Apps/suf/vendor/laravel/framework/src/Illuminate/Pipeline/Pipeline.php(167): Fideloper\Proxy\TrustProxies->handle()
#33 /home/red_beard/Desktop/PHP/Apps/suf/vendor/laravel/framework/src/Illuminate/Pipeline/Pipeline.php(103): Illuminate\Pipeline\Pipeline->Illuminate\Pipeline\{closure}()
#34 /home/red_beard/Desktop/PHP/Apps/suf/vendor/laravel/framework/src/Illuminate/Foundation/Http/Kernel.php(141): Illuminate\Pipeline\Pipeline->then()
#35 /home/red_beard/Desktop/PHP/Apps/suf/vendor/laravel/framework/src/Illuminate/Foundation/Http/Kernel.php(110): Illuminate\Foundation\Http\Kernel->sendRequestThroughRouter()
#36 /home/red_beard/Desktop/PHP/Apps/suf/public/index.php(52): Illuminate\Foundation\Http\Kernel->handle()
#37 /home/red_beard/Desktop/PHP/Apps/suf/server.php(21): require_once('...')
#38 {main}
"} 
[2021-09-27 20:45:18] local.ERROR: syntax error, unexpected token "if" {"exception":"[object] (ParseError(code: 0): syntax error, unexpected token \"if\" at /home/red_beard/Desktop/PHP/Apps/suf/app/Http/Controllers/Admin/AjaxController.php:112)
[stacktrace]
#0 /home/red_beard/Desktop/PHP/Apps/suf/vendor/composer/ClassLoader.php(346): Composer\Autoload\includeFile()
#1 [internal function]: Composer\Autoload\ClassLoader->loadClass()
#2 /home/red_beard/Desktop/PHP/Apps/suf/vendor/laravel/framework/src/Illuminate/Container/Container.php(873): ReflectionClass->__construct()
#3 /home/red_beard/Desktop/PHP/Apps/suf/vendor/laravel/framework/src/Illuminate/Container/Container.php(754): Illuminate\Container\Container->build()
#4 /home/red_beard/Desktop/PHP/Apps/suf/vendor/laravel/framework/src/Illuminate/Foundation/Application.php(841): Illuminate\Container\Container->resolve()
#5 /home/red_beard/Desktop/PHP/Apps/suf/vendor/laravel/framework/src/Illuminate/Container/Container.php(692): Illuminate\Foundation\Application->resolve()
#6 /home/red_beard/Desktop/PHP/Apps/suf/vendor/laravel/framework/src/Illuminate/Foundation/Application.php(826): Illuminate\Container\Container->make()
#7 /home/red_beard/Desktop/PHP/Apps/suf/vendor/laravel/framework/src/Illuminate/Routing/Route.php(275): Illuminate\Foundation\Application->make()
#8 /home/red_beard/Desktop/PHP/Apps/suf/vendor/laravel/framework/src/Illuminate/Routing/Route.php(1049): Illuminate\Routing\Route->getController()
#9 /home/red_beard/Desktop/PHP/Apps/suf/vendor/laravel/framework/src/Illuminate/Routing/Route.php(1010): Illuminate\Routing\Route->controllerMiddleware()
#10 /home/red_beard/Desktop/PHP/Apps/suf/vendor/laravel/framework/src/Illuminate/Routing/Router.php(708): Illuminate\Routing\Route->gatherMiddleware()
#11 /home/red_beard/Desktop/PHP/Apps/suf/vendor/laravel/framework/src/Illuminate/Routing/Router.php(688): Illuminate\Routing\Router->gatherRouteMiddleware()
#12 /home/red_beard/Desktop/PHP/Apps/suf/vendor/laravel/framework/src/Illuminate/Routing/Router.php(672): Illuminate\Routing\Router->runRouteWithinStack()
#13 /home/red_beard/Desktop/PHP/Apps/suf/vendor/laravel/framework/src/Illuminate/Routing/Router.php(636): Illuminate\Routing\Router->runRoute()
#14 /home/red_beard/Desktop/PHP/Apps/suf/vendor/laravel/framework/src/Illuminate/Routing/Router.php(625): Illuminate\Routing\Router->dispatchToRoute()
#15 /home/red_beard/Desktop/PHP/Apps/suf/vendor/laravel/framework/src/Illuminate/Foundation/Http/Kernel.php(166): Illuminate\Routing\Router->dispatch()
#16 /home/red_beard/Desktop/PHP/Apps/suf/vendor/laravel/framework/src/Illuminate/Pipeline/Pipeline.php(128): Illuminate\Foundation\Http\Kernel->Illuminate\Foundation\Http\{closure}()
#17 /home/red_beard/Desktop/PHP/Apps/suf/vendor/livewire/livewire/src/DisableBrowserCache.php(19): Illuminate\Pipeline\Pipeline->Illuminate\Pipeline\{closure}()
#18 /home/red_beard/Desktop/PHP/Apps/suf/vendor/laravel/framework/src/Illuminate/Pipeline/Pipeline.php(167): Livewire\DisableBrowserCache->handle()
#19 /home/red_beard/Desktop/PHP/Apps/suf/vendor/laravel/framework/src/Illuminate/Foundation/Http/Middleware/TransformsRequest.php(21): Illuminate\Pipeline\Pipeline->Illuminate\Pipeline\{closure}()
#20 /home/red_beard/Desktop/PHP/Apps/suf/vendor/laravel/framework/src/Illuminate/Foundation/Http/Middleware/ConvertEmptyStringsToNull.php(31): Illuminate\Foundation\Http\Middleware\TransformsRequest->handle()
#21 /home/red_beard/Desktop/PHP/Apps/suf/vendor/laravel/framework/src/Illuminate/Pipeline/Pipeline.php(167): Illuminate\Foundation\Http\Middleware\ConvertEmptyStringsToNull->handle()
#22 /home/red_beard/Desktop/PHP/Apps/suf/vendor/laravel/framework/src/Illuminate/Foundation/Http/Middleware/TransformsRequest.php(21): Illuminate\Pipeline\Pipeline->Illuminate\Pipeline\{closure}()
#23 /home/red_beard/Desktop/PHP/Apps/suf/vendor/laravel/framework/src/Illuminate/Foundation/Http/Middleware/TrimStrings.php(40): Illuminate\Foundation\Http\Middleware\TransformsRequest->handle()
#24 /home/red_beard/Desktop/PHP/Apps/suf/vendor/laravel/framework/src/Illuminate/Pipeline/Pipeline.php(167): Illuminate\Foundation\Http\Middleware\TrimStrings->handle()
#25 /home/red_beard/Desktop/PHP/Apps/suf/vendor/laravel/framework/src/Illuminate/Foundation/Http/Middleware/ValidatePostSize.php(27): Illuminate\Pipeline\Pipeline->Illuminate\Pipeline\{closure}()
#26 /home/red_beard/Desktop/PHP/Apps/suf/vendor/laravel/framework/src/Illuminate/Pipeline/Pipeline.php(167): Illuminate\Foundation\Http\Middleware\ValidatePostSize->handle()
#27 /home/red_beard/Desktop/PHP/Apps/suf/vendor/laravel/framework/src/Illuminate/Foundation/Http/Middleware/PreventRequestsDuringMaintenance.php(86): Illuminate\Pipeline\Pipeline->Illuminate\Pipeline\{closure}()
#28 /home/red_beard/Desktop/PHP/Apps/suf/vendor/laravel/framework/src/Illuminate/Pipeline/Pipeline.php(167): Illuminate\Foundation\Http\Middleware\PreventRequestsDuringMaintenance->handle()
#29 /home/red_beard/Desktop/PHP/Apps/suf/vendor/fruitcake/laravel-cors/src/HandleCors.php(38): Illuminate\Pipeline\Pipeline->Illuminate\Pipeline\{closure}()
#30 /home/red_beard/Desktop/PHP/Apps/suf/vendor/laravel/framework/src/Illuminate/Pipeline/Pipeline.php(167): Fruitcake\Cors\HandleCors->handle()
#31 /home/red_beard/Desktop/PHP/Apps/suf/vendor/fideloper/proxy/src/TrustProxies.php(57): Illuminate\Pipeline\Pipeline->Illuminate\Pipeline\{closure}()
#32 /home/red_beard/Desktop/PHP/Apps/suf/vendor/laravel/framework/src/Illuminate/Pipeline/Pipeline.php(167): Fideloper\Proxy\TrustProxies->handle()
#33 /home/red_beard/Desktop/PHP/Apps/suf/vendor/laravel/framework/src/Illuminate/Pipeline/Pipeline.php(103): Illuminate\Pipeline\Pipeline->Illuminate\Pipeline\{closure}()
#34 /home/red_beard/Desktop/PHP/Apps/suf/vendor/laravel/framework/src/Illuminate/Foundation/Http/Kernel.php(141): Illuminate\Pipeline\Pipeline->then()
#35 /home/red_beard/Desktop/PHP/Apps/suf/vendor/laravel/framework/src/Illuminate/Foundation/Http/Kernel.php(110): Illuminate\Foundation\Http\Kernel->sendRequestThroughRouter()
#36 /home/red_beard/Desktop/PHP/Apps/suf/public/index.php(52): Illuminate\Foundation\Http\Kernel->handle()
#37 /home/red_beard/Desktop/PHP/Apps/suf/server.php(21): require_once('...')
#38 {main}
"} 
[2021-09-27 20:46:04] local.ERROR: syntax error, unexpected token "if" {"exception":"[object] (ParseError(code: 0): syntax error, unexpected token \"if\" at /home/red_beard/Desktop/PHP/Apps/suf/app/Http/Controllers/Admin/AjaxController.php:112)
[stacktrace]
#0 /home/red_beard/Desktop/PHP/Apps/suf/vendor/composer/ClassLoader.php(346): Composer\Autoload\includeFile()
#1 [internal function]: Composer\Autoload\ClassLoader->loadClass()
#2 /home/red_beard/Desktop/PHP/Apps/suf/vendor/laravel/framework/src/Illuminate/Container/Container.php(873): ReflectionClass->__construct()
#3 /home/red_beard/Desktop/PHP/Apps/suf/vendor/laravel/framework/src/Illuminate/Container/Container.php(754): Illuminate\Container\Container->build()
#4 /home/red_beard/Desktop/PHP/Apps/suf/vendor/laravel/framework/src/Illuminate/Foundation/Application.php(841): Illuminate\Container\Container->resolve()
#5 /home/red_beard/Desktop/PHP/Apps/suf/vendor/laravel/framework/src/Illuminate/Container/Container.php(692): Illuminate\Foundation\Application->resolve()
#6 /home/red_beard/Desktop/PHP/Apps/suf/vendor/laravel/framework/src/Illuminate/Foundation/Application.php(826): Illuminate\Container\Container->make()
#7 /home/red_beard/Desktop/PHP/Apps/suf/vendor/laravel/framework/src/Illuminate/Routing/Route.php(275): Illuminate\Foundation\Application->make()
#8 /home/red_beard/Desktop/PHP/Apps/suf/vendor/laravel/framework/src/Illuminate/Routing/Route.php(1049): Illuminate\Routing\Route->getController()
#9 /home/red_beard/Desktop/PHP/Apps/suf/vendor/laravel/framework/src/Illuminate/Routing/Route.php(1010): Illuminate\Routing\Route->controllerMiddleware()
#10 /home/red_beard/Desktop/PHP/Apps/suf/vendor/laravel/framework/src/Illuminate/Routing/Router.php(708): Illuminate\Routing\Route->gatherMiddleware()
#11 /home/red_beard/Desktop/PHP/Apps/suf/vendor/laravel/framework/src/Illuminate/Routing/Router.php(688): Illuminate\Routing\Router->gatherRouteMiddleware()
#12 /home/red_beard/Desktop/PHP/Apps/suf/vendor/laravel/framework/src/Illuminate/Routing/Router.php(672): Illuminate\Routing\Router->runRouteWithinStack()
#13 /home/red_beard/Desktop/PHP/Apps/suf/vendor/laravel/framework/src/Illuminate/Routing/Router.php(636): Illuminate\Routing\Router->runRoute()
#14 /home/red_beard/Desktop/PHP/Apps/suf/vendor/laravel/framework/src/Illuminate/Routing/Router.php(625): Illuminate\Routing\Router->dispatchToRoute()
#15 /home/red_beard/Desktop/PHP/Apps/suf/vendor/laravel/framework/src/Illuminate/Foundation/Http/Kernel.php(166): Illuminate\Routing\Router->dispatch()
#16 /home/red_beard/Desktop/PHP/Apps/suf/vendor/laravel/framework/src/Illuminate/Pipeline/Pipeline.php(128): Illuminate\Foundation\Http\Kernel->Illuminate\Foundation\Http\{closure}()
#17 /home/red_beard/Desktop/PHP/Apps/suf/vendor/livewire/livewire/src/DisableBrowserCache.php(19): Illuminate\Pipeline\Pipeline->Illuminate\Pipeline\{closure}()
#18 /home/red_beard/Desktop/PHP/Apps/suf/vendor/laravel/framework/src/Illuminate/Pipeline/Pipeline.php(167): Livewire\DisableBrowserCache->handle()
#19 /home/red_beard/Desktop/PHP/Apps/suf/vendor/laravel/framework/src/Illuminate/Foundation/Http/Middleware/TransformsRequest.php(21): Illuminate\Pipeline\Pipeline->Illuminate\Pipeline\{closure}()
#20 /home/red_beard/Desktop/PHP/Apps/suf/vendor/laravel/framework/src/Illuminate/Foundation/Http/Middleware/ConvertEmptyStringsToNull.php(31): Illuminate\Foundation\Http\Middleware\TransformsRequest->handle()
#21 /home/red_beard/Desktop/PHP/Apps/suf/vendor/laravel/framework/src/Illuminate/Pipeline/Pipeline.php(167): Illuminate\Foundation\Http\Middleware\ConvertEmptyStringsToNull->handle()
#22 /home/red_beard/Desktop/PHP/Apps/suf/vendor/laravel/framework/src/Illuminate/Foundation/Http/Middleware/TransformsRequest.php(21): Illuminate\Pipeline\Pipeline->Illuminate\Pipeline\{closure}()
#23 /home/red_beard/Desktop/PHP/Apps/suf/vendor/laravel/framework/src/Illuminate/Foundation/Http/Middleware/TrimStrings.php(40): Illuminate\Foundation\Http\Middleware\TransformsRequest->handle()
#24 /home/red_beard/Desktop/PHP/Apps/suf/vendor/laravel/framework/src/Illuminate/Pipeline/Pipeline.php(167): Illuminate\Foundation\Http\Middleware\TrimStrings->handle()
#25 /home/red_beard/Desktop/PHP/Apps/suf/vendor/laravel/framework/src/Illuminate/Foundation/Http/Middleware/ValidatePostSize.php(27): Illuminate\Pipeline\Pipeline->Illuminate\Pipeline\{closure}()
#26 /home/red_beard/Desktop/PHP/Apps/suf/vendor/laravel/framework/src/Illuminate/Pipeline/Pipeline.php(167): Illuminate\Foundation\Http\Middleware\ValidatePostSize->handle()
#27 /home/red_beard/Desktop/PHP/Apps/suf/vendor/laravel/framework/src/Illuminate/Foundation/Http/Middleware/PreventRequestsDuringMaintenance.php(86): Illuminate\Pipeline\Pipeline->Illuminate\Pipeline\{closure}()
#28 /home/red_beard/Desktop/PHP/Apps/suf/vendor/laravel/framework/src/Illuminate/Pipeline/Pipeline.php(167): Illuminate\Foundation\Http\Middleware\PreventRequestsDuringMaintenance->handle()
#29 /home/red_beard/Desktop/PHP/Apps/suf/vendor/fruitcake/laravel-cors/src/HandleCors.php(38): Illuminate\Pipeline\Pipeline->Illuminate\Pipeline\{closure}()
#30 /home/red_beard/Desktop/PHP/Apps/suf/vendor/laravel/framework/src/Illuminate/Pipeline/Pipeline.php(167): Fruitcake\Cors\HandleCors->handle()
#31 /home/red_beard/Desktop/PHP/Apps/suf/vendor/fideloper/proxy/src/TrustProxies.php(57): Illuminate\Pipeline\Pipeline->Illuminate\Pipeline\{closure}()
#32 /home/red_beard/Desktop/PHP/Apps/suf/vendor/laravel/framework/src/Illuminate/Pipeline/Pipeline.php(167): Fideloper\Proxy\TrustProxies->handle()
#33 /home/red_beard/Desktop/PHP/Apps/suf/vendor/laravel/framework/src/Illuminate/Pipeline/Pipeline.php(103): Illuminate\Pipeline\Pipeline->Illuminate\Pipeline\{closure}()
#34 /home/red_beard/Desktop/PHP/Apps/suf/vendor/laravel/framework/src/Illuminate/Foundation/Http/Kernel.php(141): Illuminate\Pipeline\Pipeline->then()
#35 /home/red_beard/Desktop/PHP/Apps/suf/vendor/laravel/framework/src/Illuminate/Foundation/Http/Kernel.php(110): Illuminate\Foundation\Http\Kernel->sendRequestThroughRouter()
#36 /home/red_beard/Desktop/PHP/Apps/suf/public/index.php(52): Illuminate\Foundation\Http\Kernel->handle()
#37 /home/red_beard/Desktop/PHP/Apps/suf/server.php(21): require_once('...')
#38 {main}
"} 
